<?xml version="1.0" encoding="UTF-8"?>
<testsuite name="com.sirolf2009.necromancy.multipart.MultipartHierarchyMementoTest" tests="3" skipped="0" failures="0" errors="0" timestamp="2026-05-10T20:50:20" hostname="admin" time="0.004">
  <properties/>
  <testcase name="captureEmptyReplayClears()" classname="com.sirolf2009.necromancy.multipart.MultipartHierarchyMementoTest" time="0.002"/>
  <testcase name="roundTripRestoresSocketAttachment()" classname="com.sirolf2009.necromancy.multipart.MultipartHierarchyMementoTest" time="0.001"/>
  <testcase name="restoresSimulationLocalPose()" classname="com.sirolf2009.necromancy.multipart.MultipartHierarchyMementoTest" time="0.001"/>
  <system-out><![CDATA[]]></system-out>
  <system-err><![CDATA[]]></system-err>
</testsuite>
