<?xml version="1.0" encoding="UTF-8"?>
<testsuite name="com.sirolf2009.necromancy.multipart.animation.PartTransformLayerBlendMaskTest" tests="3" skipped="0" failures="0" errors="0" timestamp="2026-05-10T20:50:20" hostname="admin" time="0.002">
  <properties/>
  <testcase name="legacyWeightedTransformUsesFullMaskMatchesWholeDelta()" classname="com.sirolf2009.necromancy.multipart.animation.PartTransformLayerBlendMaskTest" time="0.001"/>
  <testcase name="maskedTranslationAccumulatesOnlyEnabledAxes()" classname="com.sirolf2009.necromancy.multipart.animation.PartTransformLayerBlendMaskTest" time="0.0"/>
  <testcase name="preMultiplyVersusPostMultiplyDiffersForSameAccumulatedRotation()" classname="com.sirolf2009.necromancy.multipart.animation.PartTransformLayerBlendMaskTest" time="0.001"/>
  <system-out><![CDATA[]]></system-out>
  <system-err><![CDATA[]]></system-err>
</testsuite>
