<?xml version="1.0" encoding="UTF-8"?>
<testsuite name="com.sirolf2009.necromancy.bodypart.BodypartAttachmentJsonRoundTripTest" tests="2" skipped="0" failures="0" errors="0" timestamp="2026-05-10T20:50:20" hostname="admin" time="0.005">
  <properties/>
  <testcase name="quaternionSocketDominatesConflictingEulerAfterRoundTrip()" classname="com.sirolf2009.necromancy.bodypart.BodypartAttachmentJsonRoundTripTest" time="0.004"/>
  <testcase name="eulerSocketRoundTripsThroughDefinitionJsonIo()" classname="com.sirolf2009.necromancy.bodypart.BodypartAttachmentJsonRoundTripTest" time="0.0"/>
  <system-out><![CDATA[]]></system-out>
  <system-err><![CDATA[]]></system-err>
</testsuite>
