<?xml version="1.0" encoding="UTF-8"?>
<testsuite name="com.sirolf2009.necromancy.multipart.TransformHierarchyTopologyRevisionTest" tests="2" skipped="0" failures="0" errors="0" timestamp="2026-05-10T20:50:20" hostname="admin" time="0.001">
  <properties/>
  <testcase name="registerRootOutsideBatchIncrementsTopologyOncePerMutation()" classname="com.sirolf2009.necromancy.multipart.TransformHierarchyTopologyRevisionTest" time="0.001"/>
  <testcase name="batchesMultipleStructuralMutationsIntoSingleTopologyBump()" classname="com.sirolf2009.necromancy.multipart.TransformHierarchyTopologyRevisionTest" time="0.0"/>
  <system-out><![CDATA[]]></system-out>
  <system-err><![CDATA[]]></system-err>
</testsuite>
